Iteration #: 0
	    [1]	   800.000	   1.00000	[mu]: (4.868, 0.037)		[cov]: ((26.139, 0.198)(0.198, 0.951))
			msglen: 0.000 bits.
Iteration #: 1
	    [1]	   800.000	   1.00000	[mu]: (4.868, 0.037)		[cov]: ((26.139, 0.198)(0.198, 0.951))
			msglen: 21101.012 bits.
Iteration #: 2
	    [1]	   800.000	   1.00000	[mu]: (4.868, 0.037)		[cov]: ((26.139, 0.198)(0.198, 0.951))
			msglen: 21101.012 bits.
Iteration #: 3
	    [1]	   800.000	   1.00000	[mu]: (4.868, 0.037)		[cov]: ((26.139, 0.198)(0.198, 0.951))
			msglen: 21101.012 bits.
Iteration #: 4
	    [1]	   800.000	   1.00000	[mu]: (4.868, 0.037)		[cov]: ((26.139, 0.198)(0.198, 0.951))
			msglen: 21101.012 bits.
Iteration #: 5
	    [1]	   800.000	   1.00000	[mu]: (4.868, 0.037)		[cov]: ((26.139, 0.198)(0.198, 0.951))
			msglen: 21101.012 bits.
Iteration #: 6
	    [1]	   800.000	   1.00000	[mu]: (4.868, 0.037)		[cov]: ((26.139, 0.198)(0.198, 0.951))
			msglen: 21101.012 bits.
Iteration #: 7
	    [1]	   800.000	   1.00000	[mu]: (4.868, 0.037)		[cov]: ((26.139, 0.198)(0.198, 0.951))
			msglen: 21101.012 bits.
Iteration #: 8
	    [1]	   800.000	   1.00000	[mu]: (4.868, 0.037)		[cov]: ((26.139, 0.198)(0.198, 0.951))
			msglen: 21101.012 bits.
Iteration #: 9
	    [1]	   800.000	   1.00000	[mu]: (4.868, 0.037)		[cov]: ((26.139, 0.198)(0.198, 0.951))
			msglen: 21101.012 bits.
Iteration #: 10
	    [1]	   800.000	   1.00000	[mu]: (4.868, 0.037)		[cov]: ((26.139, 0.198)(0.198, 0.951))
			msglen: 21101.012 bits.
Iteration #: 11
	    [1]	   800.000	   1.00000	[mu]: (4.868, 0.037)		[cov]: ((26.139, 0.198)(0.198, 0.951))
			msglen: 21101.012 bits.

Sample size: 800
encoding rate: 26.376 bits/point
