Iteration #: 0
	    [1]	   400.000	   0.50000	[mu]: (4.487, -0.052)		[cov]: ((25.236, -0.225)(-0.225, 1.127))
	    [2]	   400.000	   0.50000	[mu]: (5.662, 0.007)		[cov]: ((25.906, -0.219)(-0.219, 1.143))
			msglen: 0.000 bits.
Iteration #: 1
	    [1]	   399.926	   0.49991	[mu]: (4.483, -0.053)		[cov]: ((25.606, -0.209)(-0.209, 1.128))
	    [2]	   400.074	   0.50009	[mu]: (5.666, 0.007)		[cov]: ((25.528, -0.235)(-0.235, 1.142))
			msglen: 21217.733 bits.
Iteration #: 2
	    [1]	   399.926	   0.49991	[mu]: (4.478, -0.053)		[cov]: ((25.628, -0.191)(-0.191, 1.128))
	    [2]	   400.074	   0.50009	[mu]: (5.671, 0.007)		[cov]: ((25.494, -0.253)(-0.253, 1.141))
			msglen: 21217.717 bits.
Iteration #: 3
	    [1]	   399.931	   0.49991	[mu]: (4.473, -0.053)		[cov]: ((25.623, -0.174)(-0.174, 1.129))
	    [2]	   400.069	   0.50009	[mu]: (5.676, 0.008)		[cov]: ((25.485, -0.271)(-0.271, 1.140))
			msglen: 21217.703 bits.
Iteration #: 4
	    [1]	   399.937	   0.49992	[mu]: (4.467, -0.053)		[cov]: ((25.615, -0.156)(-0.156, 1.129))
	    [2]	   400.063	   0.50008	[mu]: (5.683, 0.008)		[cov]: ((25.478, -0.289)(-0.289, 1.140))
			msglen: 21217.688 bits.
Iteration #: 5
	    [1]	   399.943	   0.49993	[mu]: (4.460, -0.054)		[cov]: ((25.606, -0.139)(-0.139, 1.130))
	    [2]	   400.057	   0.50007	[mu]: (5.689, 0.008)		[cov]: ((25.471, -0.308)(-0.308, 1.140))
			msglen: 21217.673 bits.
Iteration #: 6
	    [1]	   399.949	   0.49994	[mu]: (4.453, -0.054)		[cov]: ((25.597, -0.122)(-0.122, 1.130))
	    [2]	   400.051	   0.50006	[mu]: (5.697, 0.009)		[cov]: ((25.462, -0.326)(-0.326, 1.139))
			msglen: 21217.657 bits.
Iteration #: 7
	    [1]	   399.955	   0.49994	[mu]: (4.445, -0.055)		[cov]: ((25.587, -0.106)(-0.106, 1.130))
	    [2]	   400.045	   0.50006	[mu]: (5.704, 0.009)		[cov]: ((25.452, -0.343)(-0.343, 1.139))
			msglen: 21217.642 bits.
Iteration #: 8
	    [1]	   399.961	   0.49995	[mu]: (4.436, -0.055)		[cov]: ((25.576, -0.089)(-0.089, 1.130))
	    [2]	   400.039	   0.50005	[mu]: (5.713, 0.010)		[cov]: ((25.442, -0.361)(-0.361, 1.139))
			msglen: 21217.626 bits.
Iteration #: 9
	    [1]	   399.968	   0.49996	[mu]: (4.427, -0.056)		[cov]: ((25.564, -0.072)(-0.072, 1.130))
	    [2]	   400.032	   0.50004	[mu]: (5.722, 0.011)		[cov]: ((25.430, -0.379)(-0.379, 1.139))
			msglen: 21217.610 bits.
Iteration #: 10
	    [1]	   399.974	   0.49997	[mu]: (4.418, -0.057)		[cov]: ((25.552, -0.056)(-0.056, 1.129))
	    [2]	   400.026	   0.50003	[mu]: (5.732, 0.011)		[cov]: ((25.417, -0.397)(-0.397, 1.139))
			msglen: 21217.593 bits.
Iteration #: 11
	    [1]	   399.980	   0.49998	[mu]: (4.407, -0.057)		[cov]: ((25.538, -0.040)(-0.040, 1.129))
	    [2]	   400.020	   0.50002	[mu]: (5.742, 0.012)		[cov]: ((25.403, -0.415)(-0.415, 1.140))
			msglen: 21217.576 bits.

Sample size: 800
encoding rate: 26.522 bits/point
Iteration #: 0
	    [1]	   399.691	   0.49961	[mu]: (5.134, 0.013)		[cov]: ((25.275, 0.004)(0.004, 1.037))
	    [2]	   400.309	   0.50039	[mu]: (4.948, 0.018)		[cov]: ((25.607, 0.031)(0.031, 0.969))
			msglen: 0.000 bits.
Iteration #: 1
	    [1]	   399.691	   0.49961	[mu]: (5.137, 0.015)		[cov]: ((25.424, 0.013)(0.013, 1.036))
	    [2]	   400.309	   0.50039	[mu]: (4.946, 0.017)		[cov]: ((25.457, 0.022)(0.022, 0.970))
			msglen: 21136.338 bits.
Iteration #: 2
	    [1]	   399.692	   0.49962	[mu]: (5.139, 0.017)		[cov]: ((25.434, 0.021)(0.021, 1.035))
	    [2]	   400.308	   0.50038	[mu]: (4.943, 0.015)		[cov]: ((25.446, 0.014)(0.014, 0.971))
			msglen: 21136.332 bits.
Iteration #: 3
	    [1]	   399.693	   0.49962	[mu]: (5.141, 0.018)		[cov]: ((25.433, 0.029)(0.029, 1.035))
	    [2]	   400.307	   0.50038	[mu]: (4.941, 0.014)		[cov]: ((25.446, 0.005)(0.005, 0.971))
			msglen: 21136.326 bits.
Iteration #: 4
	    [1]	   399.693	   0.49962	[mu]: (5.143, 0.020)		[cov]: ((25.432, 0.037)(0.037, 1.035))
	    [2]	   400.307	   0.50038	[mu]: (4.939, 0.012)		[cov]: ((25.447, -0.003)(-0.003, 0.971))
			msglen: 21136.319 bits.
Iteration #: 5
	    [1]	   399.693	   0.49962	[mu]: (5.145, 0.021)		[cov]: ((25.430, 0.046)(0.046, 1.035))
	    [2]	   400.307	   0.50038	[mu]: (4.937, 0.010)		[cov]: ((25.447, -0.012)(-0.012, 0.971))
			msglen: 21136.313 bits.
Iteration #: 6
	    [1]	   399.692	   0.49962	[mu]: (5.147, 0.023)		[cov]: ((25.429, 0.055)(0.055, 1.036))
	    [2]	   400.308	   0.50038	[mu]: (4.935, 0.009)		[cov]: ((25.448, -0.021)(-0.021, 0.970))
			msglen: 21136.305 bits.
Iteration #: 7
	    [1]	   399.691	   0.49961	[mu]: (5.148, 0.025)		[cov]: ((25.427, 0.064)(0.064, 1.037))
	    [2]	   400.309	   0.50039	[mu]: (4.934, 0.007)		[cov]: ((25.449, -0.030)(-0.030, 0.969))
			msglen: 21136.297 bits.
Iteration #: 8
	    [1]	   399.690	   0.49961	[mu]: (5.150, 0.027)		[cov]: ((25.426, 0.073)(0.073, 1.038))
	    [2]	   400.310	   0.50039	[mu]: (4.932, 0.005)		[cov]: ((25.450, -0.040)(-0.040, 0.967))
			msglen: 21136.287 bits.
Iteration #: 9
	    [1]	   399.688	   0.49961	[mu]: (5.151, 0.029)		[cov]: ((25.424, 0.083)(0.083, 1.040))
	    [2]	   400.312	   0.50039	[mu]: (4.931, 0.003)		[cov]: ((25.451, -0.051)(-0.051, 0.965))
			msglen: 21136.275 bits.
Iteration #: 10
	    [1]	   399.685	   0.49961	[mu]: (5.152, 0.031)		[cov]: ((25.423, 0.094)(0.094, 1.042))
	    [2]	   400.315	   0.50039	[mu]: (4.930, 0.001)		[cov]: ((25.452, -0.062)(-0.062, 0.963))
			msglen: 21136.260 bits.
Iteration #: 11
	    [1]	   399.681	   0.49960	[mu]: (5.153, 0.033)		[cov]: ((25.421, 0.106)(0.106, 1.045))
	    [2]	   400.319	   0.50040	[mu]: (4.929, -0.001)		[cov]: ((25.453, -0.075)(-0.075, 0.960))
			msglen: 21136.243 bits.

Sample size: 800
encoding rate: 26.420 bits/point
Iteration #: 0
	    [1]	   400.000	   0.50000	[mu]: (4.335, -0.023)		[cov]: ((25.029, 0.039)(0.039, 0.978))
	    [2]	   400.000	   0.50000	[mu]: (5.747, 0.055)		[cov]: ((24.873, -0.059)(-0.059, 1.025))
			msglen: 0.000 bits.
Iteration #: 1
	    [1]	   400.022	   0.50003	[mu]: (4.324, -0.024)		[cov]: ((25.000, 0.040)(0.040, 0.972))
	    [2]	   399.978	   0.49997	[mu]: (5.758, 0.056)		[cov]: ((24.871, -0.062)(-0.062, 1.030))
			msglen: 21136.138 bits.
Iteration #: 2
	    [1]	   400.042	   0.50005	[mu]: (4.312, -0.025)		[cov]: ((24.983, 0.039)(0.039, 0.967))
	    [2]	   399.958	   0.49995	[mu]: (5.770, 0.057)		[cov]: ((24.853, -0.064)(-0.064, 1.035))
			msglen: 21136.116 bits.
Iteration #: 3
	    [1]	   400.065	   0.50008	[mu]: (4.300, -0.026)		[cov]: ((24.966, 0.037)(0.037, 0.962))
	    [2]	   399.935	   0.49992	[mu]: (5.783, 0.058)		[cov]: ((24.834, -0.065)(-0.065, 1.040))
			msglen: 21136.093 bits.
Iteration #: 4
	    [1]	   400.091	   0.50011	[mu]: (4.286, -0.028)		[cov]: ((24.947, 0.034)(0.034, 0.958))
	    [2]	   399.909	   0.49989	[mu]: (5.796, 0.059)		[cov]: ((24.813, -0.065)(-0.065, 1.044))
			msglen: 21136.069 bits.
Iteration #: 5
	    [1]	   400.122	   0.50015	[mu]: (4.273, -0.029)		[cov]: ((24.928, 0.029)(0.029, 0.953))
	    [2]	   399.878	   0.49985	[mu]: (5.810, 0.061)		[cov]: ((24.790, -0.064)(-0.064, 1.049))
			msglen: 21136.044 bits.
Iteration #: 6
	    [1]	   400.156	   0.50020	[mu]: (4.258, -0.031)		[cov]: ((24.907, 0.023)(0.023, 0.948))
	    [2]	   399.844	   0.49980	[mu]: (5.824, 0.063)		[cov]: ((24.766, -0.062)(-0.062, 1.053))
			msglen: 21136.017 bits.
Iteration #: 7
	    [1]	   400.196	   0.50024	[mu]: (4.243, -0.033)		[cov]: ((24.885, 0.016)(0.016, 0.944))
	    [2]	   399.804	   0.49976	[mu]: (5.840, 0.065)		[cov]: ((24.740, -0.059)(-0.059, 1.057))
			msglen: 21135.988 bits.
Iteration #: 8
	    [1]	   400.241	   0.50030	[mu]: (4.227, -0.035)		[cov]: ((24.861, 0.007)(0.007, 0.939))
	    [2]	   399.759	   0.49970	[mu]: (5.856, 0.067)		[cov]: ((24.712, -0.055)(-0.055, 1.061))
			msglen: 21135.957 bits.
Iteration #: 9
	    [1]	   400.293	   0.50037	[mu]: (4.211, -0.037)		[cov]: ((24.837, -0.002)(-0.002, 0.935))
	    [2]	   399.707	   0.49963	[mu]: (5.872, 0.069)		[cov]: ((24.683, -0.051)(-0.051, 1.065))
			msglen: 21135.923 bits.
Iteration #: 10
	    [1]	   400.352	   0.50044	[mu]: (4.194, -0.040)		[cov]: ((24.810, -0.013)(-0.013, 0.930))
	    [2]	   399.648	   0.49956	[mu]: (5.890, 0.072)		[cov]: ((24.651, -0.047)(-0.047, 1.069))
			msglen: 21135.888 bits.
Iteration #: 11
	    [1]	   400.418	   0.50052	[mu]: (4.176, -0.042)		[cov]: ((24.782, -0.024)(-0.024, 0.926))
	    [2]	   399.582	   0.49948	[mu]: (5.908, 0.074)		[cov]: ((24.618, -0.042)(-0.042, 1.073))
			msglen: 21135.849 bits.

Sample size: 800
encoding rate: 26.420 bits/point
Iteration #: 0
	    [1]	   391.333	   0.48918	[mu]: (4.995, -0.030)		[cov]: ((25.885, 0.464)(0.464, 1.125))
	    [2]	   408.667	   0.51082	[mu]: (4.874, -0.003)		[cov]: ((26.076, 0.274)(0.274, 1.043))
			msglen: 0.000 bits.
Iteration #: 1
	    [1]	   391.341	   0.48919	[mu]: (4.983, -0.031)		[cov]: ((25.975, 0.471)(0.471, 1.131))
	    [2]	   408.659	   0.51081	[mu]: (4.885, -0.002)		[cov]: ((25.992, 0.268)(0.268, 1.038))
			msglen: 21190.270 bits.
Iteration #: 2
	    [1]	   391.349	   0.48920	[mu]: (4.970, -0.032)		[cov]: ((25.980, 0.476)(0.476, 1.138))
	    [2]	   408.651	   0.51080	[mu]: (4.898, -0.001)		[cov]: ((25.989, 0.262)(0.262, 1.031))
			msglen: 21190.234 bits.
Iteration #: 3
	    [1]	   391.354	   0.48921	[mu]: (4.955, -0.033)		[cov]: ((25.977, 0.482)(0.482, 1.147))
	    [2]	   408.646	   0.51079	[mu]: (4.913, 0.000)		[cov]: ((25.994, 0.256)(0.256, 1.022))
			msglen: 21190.183 bits.
Iteration #: 4
	    [1]	   391.356	   0.48921	[mu]: (4.937, -0.034)		[cov]: ((25.973, 0.487)(0.487, 1.158))
	    [2]	   408.644	   0.51079	[mu]: (4.929, 0.001)		[cov]: ((25.999, 0.250)(0.250, 1.012))
			msglen: 21190.108 bits.
Iteration #: 5
	    [1]	   391.353	   0.48920	[mu]: (4.917, -0.035)		[cov]: ((25.966, 0.493)(0.493, 1.171))
	    [2]	   408.647	   0.51080	[mu]: (4.949, 0.002)		[cov]: ((26.005, 0.244)(0.244, 1.000))
			msglen: 21190.000 bits.
Iteration #: 6
	    [1]	   391.339	   0.48919	[mu]: (4.893, -0.035)		[cov]: ((25.958, 0.498)(0.498, 1.186))
	    [2]	   408.661	   0.51081	[mu]: (4.971, 0.002)		[cov]: ((26.011, 0.238)(0.238, 0.985))
			msglen: 21189.845 bits.
Iteration #: 7
	    [1]	   391.309	   0.48915	[mu]: (4.866, -0.035)		[cov]: ((25.946, 0.503)(0.503, 1.205))
	    [2]	   408.691	   0.51085	[mu]: (4.998, 0.002)		[cov]: ((26.016, 0.233)(0.233, 0.967))
			msglen: 21189.629 bits.
Iteration #: 8
	    [1]	   391.249	   0.48907	[mu]: (4.834, -0.035)		[cov]: ((25.930, 0.508)(0.508, 1.227))
	    [2]	   408.751	   0.51093	[mu]: (5.028, 0.002)		[cov]: ((26.022, 0.227)(0.227, 0.946))
			msglen: 21189.337 bits.
Iteration #: 9
	    [1]	   391.144	   0.48894	[mu]: (4.797, -0.035)		[cov]: ((25.909, 0.512)(0.512, 1.251))
	    [2]	   408.856	   0.51106	[mu]: (5.063, 0.001)		[cov]: ((26.026, 0.222)(0.222, 0.923))
			msglen: 21188.964 bits.
Iteration #: 10
	    [1]	   390.974	   0.48873	[mu]: (4.755, -0.034)		[cov]: ((25.881, 0.516)(0.516, 1.278))
	    [2]	   409.026	   0.51127	[mu]: (5.103, 0.001)		[cov]: ((26.027, 0.217)(0.217, 0.897))
			msglen: 21188.515 bits.
Iteration #: 11
	    [1]	   390.719	   0.48841	[mu]: (4.709, -0.032)		[cov]: ((25.847, 0.520)(0.520, 1.306))
	    [2]	   409.281	   0.51159	[mu]: (5.147, -0.001)		[cov]: ((26.025, 0.212)(0.212, 0.871))
			msglen: 21188.012 bits.

Sample size: 800
encoding rate: 26.485 bits/point
Iteration #: 0
	    [1]	   400.000	   0.50000	[mu]: (4.297, -0.032)		[cov]: ((25.439, 0.285)(0.285, 1.042))
	    [2]	   400.000	   0.50000	[mu]: (5.569, -0.000)		[cov]: ((25.724, 0.427)(0.427, 1.124))
			msglen: 0.000 bits.
Iteration #: 1
	    [1]	   399.959	   0.49995	[mu]: (4.302, -0.032)		[cov]: ((25.498, 0.298)(0.298, 1.051))
	    [2]	   400.041	   0.50005	[mu]: (5.564, -0.001)		[cov]: ((25.677, 0.415)(0.415, 1.116))
			msglen: 21190.520 bits.
Iteration #: 2
	    [1]	   399.936	   0.49992	[mu]: (4.305, -0.031)		[cov]: ((25.505, 0.308)(0.308, 1.061))
	    [2]	   400.064	   0.50008	[mu]: (5.561, -0.001)		[cov]: ((25.678, 0.405)(0.405, 1.106))
			msglen: 21190.466 bits.
Iteration #: 3
	    [1]	   399.918	   0.49990	[mu]: (4.305, -0.031)		[cov]: ((25.503, 0.318)(0.318, 1.072))
	    [2]	   400.082	   0.50010	[mu]: (5.561, -0.002)		[cov]: ((25.680, 0.396)(0.396, 1.094))
			msglen: 21190.391 bits.
Iteration #: 4
	    [1]	   399.903	   0.49988	[mu]: (4.302, -0.030)		[cov]: ((25.495, 0.327)(0.327, 1.086))
	    [2]	   400.097	   0.50012	[mu]: (5.564, -0.002)		[cov]: ((25.680, 0.388)(0.388, 1.081))
			msglen: 21190.286 bits.
Iteration #: 5
	    [1]	   399.890	   0.49986	[mu]: (4.295, -0.030)		[cov]: ((25.481, 0.335)(0.335, 1.103))
	    [2]	   400.110	   0.50014	[mu]: (5.571, -0.003)		[cov]: ((25.676, 0.380)(0.380, 1.064))
			msglen: 21190.132 bits.
Iteration #: 6
	    [1]	   399.873	   0.49984	[mu]: (4.283, -0.029)		[cov]: ((25.459, 0.343)(0.343, 1.123))
	    [2]	   400.127	   0.50016	[mu]: (5.583, -0.004)		[cov]: ((25.668, 0.373)(0.373, 1.044))
			msglen: 21189.909 bits.
Iteration #: 7
	    [1]	   399.842	   0.49980	[mu]: (4.266, -0.027)		[cov]: ((25.428, 0.350)(0.350, 1.146))
	    [2]	   400.158	   0.50020	[mu]: (5.600, -0.005)		[cov]: ((25.654, 0.367)(0.367, 1.021))
			msglen: 21189.592 bits.
Iteration #: 8
	    [1]	   399.779	   0.49972	[mu]: (4.243, -0.026)		[cov]: ((25.386, 0.357)(0.357, 1.174))
	    [2]	   400.221	   0.50028	[mu]: (5.623, -0.007)		[cov]: ((25.634, 0.362)(0.362, 0.993))
			msglen: 21189.160 bits.
Iteration #: 9
	    [1]	   399.655	   0.49957	[mu]: (4.213, -0.024)		[cov]: ((25.332, 0.365)(0.365, 1.205))
	    [2]	   400.345	   0.50043	[mu]: (5.652, -0.008)		[cov]: ((25.606, 0.357)(0.357, 0.963))
			msglen: 21188.605 bits.
Iteration #: 10
	    [1]	   399.433	   0.49929	[mu]: (4.177, -0.022)		[cov]: ((25.263, 0.374)(0.374, 1.238))
	    [2]	   400.567	   0.50071	[mu]: (5.687, -0.010)		[cov]: ((25.569, 0.350)(0.350, 0.929))
			msglen: 21187.951 bits.
Iteration #: 11
	    [1]	   399.081	   0.49885	[mu]: (4.135, -0.020)		[cov]: ((25.181, 0.385)(0.385, 1.273))
	    [2]	   400.919	   0.50115	[mu]: (5.727, -0.012)		[cov]: ((25.523, 0.341)(0.341, 0.895))
			msglen: 21187.242 bits.

Sample size: 800
encoding rate: 26.484 bits/point
